<?xml version="1.0" encoding="UTF-8"?>
<testng-results ignored="10" total="15" passed="5" failed="0" skipped="0">
  <reporter-output>
  </reporter-output>
  <suite started-at="2021-12-07T16:34:43 BDT" name="Default suite" finished-at="2021-12-07T16:37:05 BDT" duration-ms="141734">
    <groups>
    </groups>
    <test started-at="2021-12-07T16:34:43 BDT" name="Default test" finished-at="2021-12-07T16:37:05 BDT" duration-ms="141734">
      <class name="basicpackage.DriverSetup">
        <test-method is-config="true" signature="Driversetup()[pri:0, instance:basicpackage.DriverSetup@4de4b452]" started-at="2021-12-07T16:34:33 BDT" name="Driversetup" finished-at="2021-12-07T16:34:43 BDT" duration-ms="9888" status="PASS">
          <reporter-output>
          </reporter-output>
        </test-method> <!-- Driversetup -->
        <test-method is-config="true" signature="close()[pri:0, instance:basicpackage.DriverSetup@4de4b452]" started-at="2021-12-07T16:37:05 BDT" name="close" finished-at="2021-12-07T16:37:06 BDT" duration-ms="829" status="PASS">
          <reporter-output>
          </reporter-output>
        </test-method> <!-- close -->
      </class> <!-- basicpackage.DriverSetup -->
      <class name="testcases.TC04_SelectfromDropdown">
        <test-method signature="SelectfromDropdown()[pri:4, instance:testcases.TC04_SelectfromDropdown@49c7b90e]" started-at="2021-12-07T16:35:02 BDT" name="SelectfromDropdown" finished-at="2021-12-07T16:35:28 BDT" duration-ms="25475" status="PASS">
          <reporter-output>
          </reporter-output>
        </test-method> <!-- SelectfromDropdown -->
      </class> <!-- testcases.TC04_SelectfromDropdown -->
      <class name="testcases.TC01_VisitSite">
        <test-method signature="loadSite()[pri:1, instance:testcases.TC01_VisitSite@73700b80]" started-at="2021-12-07T16:34:43 BDT" name="loadSite" finished-at="2021-12-07T16:35:02 BDT" duration-ms="19034" status="PASS">
          <reporter-output>
          </reporter-output>
        </test-method> <!-- loadSite -->
      </class> <!-- testcases.TC01_VisitSite -->
      <class name="testcases.TC03_SelectWriter">
        <test-method signature="ClickWriter()[pri:3, instance:testcases.TC03_SelectWriter@10d307f1]" started-at="2021-12-07T16:35:28 BDT" name="ClickWriter" finished-at="2021-12-07T16:35:58 BDT" duration-ms="30238" status="PASS">
          <reporter-output>
          </reporter-output>
        </test-method> <!-- ClickWriter -->
      </class> <!-- testcases.TC03_SelectWriter -->
      <class name="testcases.TC02_VisitWriter">
        <test-method signature="ClickMenu()[pri:2, instance:testcases.TC02_VisitWriter@4d5b6aac]" started-at="2021-12-07T16:35:58 BDT" name="ClickMenu" finished-at="2021-12-07T16:36:17 BDT" duration-ms="18489" status="PASS">
          <reporter-output>
          </reporter-output>
        </test-method> <!-- ClickMenu -->
      </class> <!-- testcases.TC02_VisitWriter -->
      <class name="testcases.TC05_AddToCart">
        <test-method signature="SelectfromDropdown()[pri:5, instance:testcases.TC05_AddToCart@3e84448c]" started-at="2021-12-07T16:36:17 BDT" name="SelectfromDropdown" finished-at="2021-12-07T16:37:05 BDT" duration-ms="48383" status="PASS">
          <reporter-output>
          </reporter-output>
        </test-method> <!-- SelectfromDropdown -->
      </class> <!-- testcases.TC05_AddToCart -->
    </test> <!-- Default test -->
  </suite> <!-- Default suite -->
</testng-results>
