<?xml version="1.0" encoding="UTF-8"?>
<!-- Generated by org.testng.reporters.JUnitXMLReporter -->
<testsuite ignored="10" hostname="ASUS" failures="0" tests="5" name="Default test" time="141.734" errors="0" timestamp="2021-12-07T16:37:05 BDT">
  <testcase classname="testcases.TC01_VisitSite" name="loadSite" time="19.034"/>
  <testcase classname="testcases.TC04_SelectfromDropdown" name="SelectfromDropdown" time="25.475"/>
  <testcase classname="testcases.TC03_SelectWriter" name="ClickWriter" time="30.238"/>
  <testcase classname="testcases.TC02_VisitWriter" name="ClickMenu" time="18.489"/>
  <testcase classname="testcases.TC05_AddToCart" name="SelectfromDropdown" time="48.383"/>
  <testcase classname="basicpackage.DriverSetup" name="@BeforeSuite Driversetup" time="0.0">
    <ignored/>
  </testcase> <!-- @BeforeSuite Driversetup -->
  <testcase classname="basicpackage.DriverSetup" name="@BeforeSuite Driversetup" time="0.0">
    <ignored/>
  </testcase> <!-- @BeforeSuite Driversetup -->
  <testcase classname="basicpackage.DriverSetup" name="@BeforeSuite Driversetup" time="0.0">
    <ignored/>
  </testcase> <!-- @BeforeSuite Driversetup -->
  <testcase classname="basicpackage.DriverSetup" name="@BeforeSuite Driversetup" time="0.0">
    <ignored/>
  </testcase> <!-- @BeforeSuite Driversetup -->
  <testcase classname="basicpackage.DriverSetup" name="@BeforeSuite Driversetup" time="0.0">
    <ignored/>
  </testcase> <!-- @BeforeSuite Driversetup -->
  <testcase classname="basicpackage.DriverSetup" name="@AfterSuite close" time="0.0">
    <ignored/>
  </testcase> <!-- @AfterSuite close -->
  <testcase classname="basicpackage.DriverSetup" name="@AfterSuite close" time="0.0">
    <ignored/>
  </testcase> <!-- @AfterSuite close -->
  <testcase classname="basicpackage.DriverSetup" name="@AfterSuite close" time="0.0">
    <ignored/>
  </testcase> <!-- @AfterSuite close -->
  <testcase classname="basicpackage.DriverSetup" name="@AfterSuite close" time="0.0">
    <ignored/>
  </testcase> <!-- @AfterSuite close -->
  <testcase classname="basicpackage.DriverSetup" name="@AfterSuite close" time="0.0">
    <ignored/>
  </testcase> <!-- @AfterSuite close -->
</testsuite> <!-- Default test -->
